Detecting compiler hash for triplet x64-linux...
Compiler found: /usr/bin/c++
The following packages are already installed:
  * brotli:x64-linux@1.2.0
  * bzip2[core,tool]:x64-linux@1.0.8#6
  * egl-registry:x64-linux@2025-05-27
  * freetype[core,zlib,png,bzip2,brotli]:x64-linux@2.13.3
  * libflac[core,stack-protector]:x64-linux@1.5.0
  * libogg:x64-linux@1.3.6#1
  * libpng:x64-linux@1.6.56
  * libvorbis:x64-linux@1.3.7#4
  * miniaudio:x64-linux@0.11.25
  * opengl:x64-linux@2022-12-04#3
  * opengl-registry:x64-linux@2026-01-26
    sfml[core,window,network,graphics,audio]:x64-linux@3.0.2
  * stb:x64-linux@2024-07-29#1
  * vcpkg-cmake:x64-linux@2024-04-23
  * vcpkg-cmake-config:x64-linux@2024-05-23
  * zlib:x64-linux@1.3.1
The package sfml provides CMake targets:

    find_package(SFML COMPONENTS Network Graphics Window Audio System CONFIG REQUIRED)
    target_link_libraries(main PRIVATE SFML::Network SFML::Graphics SFML::Window SFML::Audio SFML::System)

    # If you want SFML to provide an implementation of main():
    target_link_libraries(main PRIVATE SFML::Main)

All requested installations completed successfully in: 264 us
